time="2021-02-05T16:49:53+08:00" level=info msg="rtrpr8===>必填项：RoomTypeCode:1204#7#368, RatePlanCode:1204#7#368#1, SupplierId:49, RateCode:, Occupancy:2, RatePlanName:FAMILY ROOM \n"
time="2021-02-05T16:49:53+08:00" level=info msg="\tHotelCode:1204, Status:2, Currency:USD, TotalPrice:66300\n"
time="2021-02-05T16:49:53+08:00" level=info msg="\tMealType:1, MealDesc:1, MealCount:0, SessionContent:"
time="2021-02-05T16:49:53+08:00" level=info msg="\tCancellationPolicies:"
time="2021-02-05T16:49:53+08:00" level=info msg="\tRates:"
time="2021-02-05T16:49:53+08:00" level=info msg="\t\tStayDate:2021-02-05, NetRate:22100, Status:2, InvCount:1"
time="2021-02-05T16:49:53+08:00" level=info msg="\t\tStayDate:2021-02-06, NetRate:22100, Status:2, InvCount:1"
time="2021-02-05T16:49:53+08:00" level=info msg="\t\tStayDate:2021-02-07, NetRate:22100, Status:2, InvCount:1"
time="2021-02-05T16:49:53+08:00" level=info msg="splResult.HotelSearchItem.SessionContent:"



*****************************************验价接口测试：****************************************************
time="2021-02-05T16:49:54+08:00" level=info msg="req:{\"query\":\"query ($criteriaQuote: HotelCriteriaQuoteInput!, $settings: HotelSettingsInput) {\\n  hotelX {\\n    quote(criteria: $criteriaQuote, settings: $settings) {\\n      auditData{\\n\\t\\t\\t\\ttransactions{\\n\\t\\t\\t\\t\\trequest\\n\\t\\t\\t\\t\\trequest\\n\\t\\t\\t\\t}\\n\\t\\t\\t\\ttimeStamp\\n\\t\\t\\t}\\n\\t\\t\\toptionQuote {\\n        optionRefId\\n        status\\n        price {\\n          currency\\n          binding\\n          net\\n          gross\\n          exchange {\\n            currency\\n            rate\\n          }\\n          markups {\\n            channel\\n            currency\\n            binding\\n            net\\n            gross\\n            exchange {\\n              currency\\n              rate\\n            }\\n          }\\n        }\\n        surcharges {\\n          chargeType\\n          price {\\n            currency\\n            binding\\n            net\\n            gross\\n            exchange {\\n              currency\\n              rate\\n            }\\n            markups {\\n              channel\\n              currency\\n              binding\\n              net\\n              gross\\n              exchange {\\n                currency\\n                rate\\n              }\\n            }\\n          }\\n          description\\n        }\\n        cancelPolicy {\\n          refundable\\n          cancelPenalties {\\n            hoursBefore\\n            penaltyType\\n            currency\\n            value\\n          }\\n        }\\n        cardTypes\\n        remarks\\n      }\\n      errors {\\n        code\\n        type\\n        description\\n      }\\n      warnings {\\n        code\\n        type\\n        description\\n      }\\n    }\\n  }\\n}\\n\",\"variables\":{\"criteriaQuote\":{\"optionRefId\":\"13[%!03!~|210205!~|210208!~|1204!~|1!~|0!~|CN!~|ES!~|en!~|USD!~|0!~|6579!~|1204!~|1!~|1!~|0!~|05020849!~|!~|663#0#false#USD##0#!~|1#368!~|7#368[%!7#368!~|25#25!~|!~|FAMILY ROOM!~|1!~|!~|agencyToken[%!CgQxMjA0EgExGgowNS8wMi8yMDIwxIgowOC8wMi8yMDIxKgtNZXJjaGFudFBheToQCgNVU0QSBjCY2Mi43MCIBMEIdCCgUxIzM2OBABGgU3IzM2OCILRkFNSUxZIFJPT01KDwoBMRIECBkQARIECBkQAlIlCglob3RlbE5hbWUSGE1FVFJPUE9MSVRBTiBIT1RFTCBEVUJBSVIoCgpyZXF1ZXN0SURzEhoxMjA0fDM2OHwxfDd8MHw2MzJ8VHxGfDF8MFIXChBwcm92aWRlckN1cnJlbmN5EgNVU0RSSQoCREISQzB8MTYxMjQzODAyN3xEUk5QUlZ8UGVkck9SYWRBUjIwMTZ8MTIwNHwyMDIxMDIwNXwzfDEyMXxFU3x8NjMxLjE0NzVaATGSAQJDTsIBATDSAQE34gEFQVZBSUz6ARMyMDIxLTAyLTA1IDA4OjQ5OjI5ogMCODKqAwNkcm7CAwEq6gMCT0v6AwJFUw==[%!InsToken[%!EgJDTgJ=T=\"},\"settings\":{\"client\":\"tourmind\",\"context\":\"DRN\",\"testMode\":false}}}\n"
time="2021-02-05T16:49:54+08:00" level=info msg="url:https://api-cn.travelgatex.com/\n"
time="2021-02-05T16:49:54+08:00" level=info msg="resp:{\"data\":{\"hotelX\":{\"quote\":{\"auditData\":{\"transactions\":[{\"request\":\"\"}],\"timeStamp\":\"\"},\"optionQuote\":null,\"errors\":[{\"code\":\"\",\"type\":\"204\",\"description\":\"\"}],\"warnings\":null}}}}"
    check_and_dump.go:93: [warn]no sessionContent return
time="2021-02-05T16:49:54+08:00" level=info msg="获取报价测试："
time="2021-02-05T16:49:54+08:00" level=info msg="rtrpr1===>必填项：RoomTypeCode:1204#7#368, RatePlanCode:1204#7#368#1, SupplierId:49, RateCode:, Occupancy:2, RatePlanName:FAMILY ROOM \n"
time="2021-02-05T16:49:54+08:00" level=info msg="\tHotelCode:1204, Status:2, Currency:, TotalPrice:0\n"
time="2021-02-05T16:49:54+08:00" level=info msg="\tMealType:1, MealDesc:, MealCount:0, SessionContent:"
time="2021-02-05T16:49:54+08:00" level=info msg="\tCancellationPolicies:"
time="2021-02-05T16:49:54+08:00" level=info msg="\tRates:"
time="2021-02-05T16:49:54+08:00" level=info msg="\t\tStayDate:2021-02-05, NetRate:0, Status:2, InvCount:1"
time="2021-02-05T16:49:54+08:00" level=info msg="\t\tStayDate:2021-02-06, NetRate:0, Status:2, InvCount:1"
time="2021-02-05T16:49:54+08:00" level=info msg="\t\tStayDate:2021-02-07, NetRate:0, Status:2, InvCount:1"
time="2021-02-05T16:49:54+08:00" level=info msg="splResult.HotelSearchItem.SessionContent:"
time="2021-02-05T16:49:54+08:00" level=info msg="验价结果: true"



time="2021-02-05T16:49:54+08:00" level=info msg="验价成功"
--- PASS: Test_Service (1.63s)
PASS

Process finished with exit code 0




time="2021-02-05T16:51:10+08:00" level=info msg="rtrpr4===>必填项：RoomTypeCode:824#5#1528, RatePlanCode:824#5#1528#10, SupplierId:49, RateCode:, Occupancy:2, RatePlanName:STUDIO APARTMENT (NON REFUNDABLE) \n"
time="2021-02-05T16:51:10+08:00" level=info msg="\tHotelCode:824, Status:2, Currency:USD, TotalPrice:31200\n"
time="2021-02-05T16:51:10+08:00" level=info msg="\tMealType:1, MealDesc:10, MealCount:0, SessionContent:"
time="2021-02-05T16:51:10+08:00" level=info msg="\tCancellationPolicies:"
time="2021-02-05T16:51:10+08:00" level=info msg="\tRates:"
time="2021-02-05T16:51:10+08:00" level=info msg="\t\tStayDate:2021-02-12, NetRate:4457, Status:2, InvCount:1"
time="2021-02-05T16:51:10+08:00" level=info msg="\t\tStayDate:2021-02-13, NetRate:4457, Status:2, InvCount:1"
time="2021-02-05T16:51:10+08:00" level=info msg="\t\tStayDate:2021-02-14, NetRate:4457, Status:2, InvCount:1"
time="2021-02-05T16:51:10+08:00" level=info msg="\t\tStayDate:2021-02-15, NetRate:4457, Status:2, InvCount:1"
time="2021-02-05T16:51:10+08:00" level=info msg="\t\tStayDate:2021-02-16, NetRate:4457, Status:2, InvCount:1"
time="2021-02-05T16:51:10+08:00" level=info msg="\t\tStayDate:2021-02-17, NetRate:4457, Status:2, InvCount:1"
time="2021-02-05T16:51:10+08:00" level=info msg="\t\tStayDate:2021-02-18, NetRate:4457, Status:2, InvCount:1"

*****************************************验价接口测试：****************************************************
time="2021-02-05T16:51:10+08:00" level=info msg="req:{\"query\":\"query ($criteriaQuote: HotelCriteriaQuoteInput!, $settings: HotelSettingsInput) {\\n  hotelX {\\n    quote(criteria: $criteriaQuote, settings: $settings) {\\n      auditData{\\n\\t\\t\\t\\ttransactions{\\n\\t\\t\\t\\t\\trequest\\n\\t\\t\\t\\t\\trequest\\n\\t\\t\\t\\t}\\n\\t\\t\\t\\ttimeStamp\\n\\t\\t\\t}\\n\\t\\t\\toptionQuote {\\n        optionRefId\\n        status\\n        price {\\n          currency\\n          binding\\n          net\\n          gross\\n          exchange {\\n            currency\\n            rate\\n          }\\n          markups {\\n            channel\\n            currency\\n            binding\\n            net\\n            gross\\n            exchange {\\n              currency\\n              rate\\n            }\\n          }\\n        }\\n        surcharges {\\n          chargeType\\n          price {\\n            currency\\n            binding\\n            net\\n            gross\\n            exchange {\\n              currency\\n              rate\\n            }\\n            markups {\\n              channel\\n              currency\\n              binding\\n              net\\n              gross\\n              exchange {\\n                currency\\n                rate\\n              }\\n            }\\n          }\\n          description\\n        }\\n        cancelPolicy {\\n          refundable\\n          cancelPenalties {\\n            hoursBefore\\n            penaltyType\\n            currency\\n            value\\n          }\\n        }\\n        cardTypes\\n        remarks\\n      }\\n      errors {\\n        code\\n        type\\n        description\\n      }\\n      warnings {\\n        code\\n        type\\n        description\\n      }\\n    }\\n  }\\n}\\n\",\"variables\":{\"criteriaQuote\":{\"optionRefId\":\"13[%!03!~|210212!~|210219!~|824!~|10!~|0!~|CN!~|ES!~|en!~|USD!~|0!~|6579!~|824!~|10!~|1!~|0!~|05020850!~|!~|312#0#false#USD##0#!~|1#1528!~|5#1528[%!5#1528!~|25#25!~|!~|STUDIO APARTMENT (NON REFUNDABLE)!~|1!~|!~|agencyToken[%!CgM4MjQSAjEwGgoxMi8wMi8yMDIxxIgoxOS8wMi8yMDIxKgtNZXJjaGFudFBheToQCgNVU0QSBjSMxMS4yNyIBMEI1CQgYxIzE1MjgQARoGNSMxNTI4IiFTVFVESU8gQVBBUlRNRU5UIChOT04gUkVGVU5EQUJMRSlKDwoBMRIECBkQARIECBkQAlIsCglob3RlbE5hbWUSH0VNSVJBVEVTIEdSQU5EIEhPVEVMIEFQQVJUTUVOVFNSKQoKcmVxdWVzdElEcxIbODI0fDE1Mjh8MTB8NXwwfDI5N3xUfEZ8MXwwUhcKEHByb3ZpZGVyQ3VycmVuY3kSA1VTRFJICgJEQhJCMHwxNjEyNTEyMjg0fERSTlBSVnxQZWRyT1JhZEFSMjAxNnw4MjR8MjAyMTAyMTJ8N3wxMjF8RVN8fDI5Ni40NDgxWgExkgECQ07CAQEw0gEBN+IBBUFWQUlM+gETMjAyMS0wMi0wNSAwODo1MDo0NaIDAjgyqgMDZHJuwgMBKuoDAk9L+gMCRVM=[%!InsToken[%!EgJDTgJ=T=\"},\"settings\":{\"client\":\"tourmind\",\"context\":\"DRN\",\"testMode\":false}}}\n"
time="2021-02-05T16:51:10+08:00" level=info msg="url:https://api-cn.travelgatex.com/\n"
time="2021-02-05T16:51:10+08:00" level=info msg="resp:{\"data\":{\"hotelX\":{\"quote\":{\"auditData\":{\"transactions\":[{\"request\":\"\"}],\"timeStamp\":\"\"},\"optionQuote\":{\"optionRefId\":\"11[11|210212|210219|824|10|0|CN|ES|en|USD|0|6579|824|10|1|1|05020850||312.0#0.0#false#USD##0#|1#1528|5#1528[5#1528|25#25||STUDIO APARTMENT (NON REFUNDABLE)|1|4008#1#USD#100#2020-08-27T22:00:00Z|InsToken[CgZEUkZ5UQUlYSAkNO[agencyToken[Z1yOfzkjeiN/ZXzqNAVG3mrGMW11hqRhYHePt3I9oxJFPM7BGYeyyc7NnAbnvbyQ70+12uHsgQ55ZEAkqyMAiiqDvxwI/btEs0qtQMteJse3w1fggPB8Z9wWDOwsszfg+IphuBL6B7GSmiwzurf9/QubH57iEmg34QH1xMxKWwJAcFiSVM0THYuE5IBEJJSvuEiGGpD+mVGuzgoQREyU8lnjO/abwu9uARUzRtPhXY/czjXyRB71n8Fgq7MWMlcneTaah4ztol7evdpI95+26Yxmncv+j/sSR53Kei2Y0rtajEgpAu0mwrNMpnqATMBmXDCQIep+bviL421WdgfeuR94ebR7u0CSHYWTZmkn0M2Wq4z5XzeWdGgzgpw2i0hiEk6VaSj0oSfEceYfQbW9UT76LoHGD+dawPq1e6pzJIffUS54/VDO2wNdeF6Tt18DwHRMykUUrES3ZjlJChiNH5oz8pHAYCr4/4O5Pm06o6dE7WUb/Hb82PaAetNceH1SCCNn8D+08nlqjXeFFfNWbvMal6CL1leyfRWbtmnxzYdi90I3RDZy319Emi6S5gDs59A6P9UIZA1TZJT/roe29x5GJV06FGwLUvsBbi6kLDmMOJ0jeRzJUwvRdzZrQrFJqnMausaSKja8+ABPVSvaxCa637iDybGbrXZdrdFZbYikdQydSf6Pu0c5faIcUVaD+s5yBA2D8zsz/5RYM5FuCWLOMDWU9QTW5JVZSBVeKCrhWpjHfzOkhJxH5NlKcHOtkiJ45fZb7sBVo++DxmFWtnp278kFsnQLpuIgZTDSGdhYkVU0vOnEjt4Dc7Pf0HraHYolR8DyiWOPc5/GTrizn8Oro9zl4lT6B+rbpZszSWuhZHP99tQrWINK7yiPOjxE[agencyTokenAvail[CgM4MjQSAjEwGgoxMi8wMi8yMDIxxIgoxOS8wMi8yMDIxKgtNZXJjaGFudFBheToQCgNVU0QSBjSMxMS4yNyIBMEI1CQgYxIzE1MjgQARoGNSMxNTI4IiFTVFVESU8gQVBBUlRNRU5UIChOT04gUkVGVU5EQUJMRSlKDwoBMRIECBkQARIECBkQAlIsCglob3RlbE5hbWUSH0VNSVJBVEVTIEdSQU5EIEhPVEVMIEFQQVJUTUVOVFNSKQoKcmVxdWVzdElEcxIbODI0fDE1Mjh8MTB8NXwwfDI5N3xUfEZ8MXwwUhcKEHByb3ZpZGVyQ3VycmVuY3kSA1VTRFJICgJEQhJCMHwxNjEyNTEyMjg0fERSTlBSVnxQZWRyT1JhZEFSMjAxNnw4MjR8MjAyMTAyMTJ8N3wxMjF8RVN8fDI5Ni40NDgxWgExkgECQ07CAQEw0gEBN+IBBUFWQUlM+gETMjAyMS0wMi0wNSAwODo1MDo0NaIDAjgyqgMDZHJuwgMBKuoDAk9L+gMCRVM=[tgx_sess[8c7f8cf8-eb65-495d-a58b-cf8d6f7028be\",\"status\":\"OK\",\"price\":{\"currency\":\"USD\",\"binding\":false,\"net\":312,\"gross\":312,\"exchange\":{\"currency\":\"USD\",\"rate\":1},\"markups\":null},\"surcharges\":null,\"cancelPolicy\":{\"refundable\":true,\"cancelPenalties\":[{\"hoursBefore\":4008,\"penaltyType\":\"PERCENT\",\"currency\":\"USD\",\"value\":100}]},\"cardTypes\":null,\"remarks\":\"Tourism Dirham or Any City Tax to be paid by the Guest Direct upon check in to the hotel / For any nationality with UAE Residence Permit or UAE nationals - UAE nationality market rates will apply\"},\"errors\":null,\"warnings\":null}}}}"
    check_and_dump.go:95: [warn]sessionContent的超时时间为0？
time="2021-02-05T16:51:10+08:00" level=info msg="获取报价测试："
time="2021-02-05T16:51:10+08:00" level=info msg="rtrpr1===>必填项：RoomTypeCode:824#5#1528, RatePlanCode:824#5#1528#10, SupplierId:49, RateCode:, Occupancy:2, RatePlanName:STUDIO APARTMENT (NON REFUNDABLE) \n"
time="2021-02-05T16:51:10+08:00" level=info msg="\tHotelCode:824, Status:2, Currency:USD, TotalPrice:31200\n"
time="2021-02-05T16:51:10+08:00" level=info msg="\tMealType:1, MealDesc:, MealCount:0, SessionContent:11[11|210212|210219|824|10|0|CN|ES|en|USD|0|6579|824|10|1|1|05020850||312.0#0.0#false#USD##0#|1#1528|5#1528[5#1528|25#25||STUDIO APARTMENT (NON REFUNDABLE)|1|4008#1#USD#100#2020-08-27T22:00:00Z|InsToken[CgZEUkZ5UQUlYSAkNO[agencyToken[Z1yOfzkjeiN/ZXzqNAVG3mrGMW11hqRhYHePt3I9oxJFPM7BGYeyyc7NnAbnvbyQ70+12uHsgQ55ZEAkqyMAiiqDvxwI/btEs0qtQMteJse3w1fggPB8Z9wWDOwsszfg+IphuBL6B7GSmiwzurf9/QubH57iEmg34QH1xMxKWwJAcFiSVM0THYuE5IBEJJSvuEiGGpD+mVGuzgoQREyU8lnjO/abwu9uARUzRtPhXY/czjXyRB71n8Fgq7MWMlcneTaah4ztol7evdpI95+26Yxmncv+j/sSR53Kei2Y0rtajEgpAu0mwrNMpnqATMBmXDCQIep+bviL421WdgfeuR94ebR7u0CSHYWTZmkn0M2Wq4z5XzeWdGgzgpw2i0hiEk6VaSj0oSfEceYfQbW9UT76LoHGD+dawPq1e6pzJIffUS54/VDO2wNdeF6Tt18DwHRMykUUrES3ZjlJChiNH5oz8pHAYCr4/4O5Pm06o6dE7WUb/Hb82PaAetNceH1SCCNn8D+08nlqjXeFFfNWbvMal6CL1leyfRWbtmnxzYdi90I3RDZy319Emi6S5gDs59A6P9UIZA1TZJT/roe29x5GJV06FGwLUvsBbi6kLDmMOJ0jeRzJUwvRdzZrQrFJqnMausaSKja8+ABPVSvaxCa637iDybGbrXZdrdFZbYikdQydSf6Pu0c5faIcUVaD+s5yBA2D8zsz/5RYM5FuCWLOMDWU9QTW5JVZSBVeKCrhWpjHfzOkhJxH5NlKcHOtkiJ45fZb7sBVo++DxmFWtnp278kFsnQLpuIgZTDSGdhYkVU0vOnEjt4Dc7Pf0HraHYolR8DyiWOPc5/GTrizn8Oro9zl4lT6B+rbpZszSWuhZHP99tQrWINK7yiPOjxE[agencyTokenAvail[CgM4MjQSAjEwGgoxMi8wMi8yMDIxxIgoxOS8wMi8yMDIxKgtNZXJjaGFudFBheToQCgNVU0QSBjSMxMS4yNyIBMEI1CQgYxIzE1MjgQARoGNSMxNTI4IiFTVFVESU8gQVBBUlRNRU5UIChOT04gUkVGVU5EQUJMRSlKDwoBMRIECBkQARIECBkQAlIsCglob3RlbE5hbWUSH0VNSVJBVEVTIEdSQU5EIEhPVEVMIEFQQVJUTUVOVFNSKQoKcmVxdWVzdElEcxIbODI0fDE1Mjh8MTB8NXwwfDI5N3xUfEZ8MXwwUhcKEHByb3ZpZGVyQ3VycmVuY3kSA1VTRFJICgJEQhJCMHwxNjEyNTEyMjg0fERSTlBSVnxQZWRyT1JhZEFSMjAxNnw4MjR8MjAyMTAyMTJ8N3wxMjF8RVN8fDI5Ni40NDgxWgExkgECQ07CAQEw0gEBN+IBBUFWQUlM+gETMjAyMS0wMi0wNSAwODo1MDo0NaIDAjgyqgMDZHJuwgMBKuoDAk9L+gMCRVM=[tgx_sess[8c7f8cf8-eb65-495d-a58b-cf8d6f7028be"
time="2021-02-05T16:51:10+08:00" level=info msg="\tCancellationPolicies:"
time="2021-02-05T16:51:10+08:00" level=info msg="\t\tAdvancedHour:4032, ChargeType:1, ChargeAmount:31200, DateFrom: 0001-01-01 00:00:00, Currency:USD"
time="2021-02-05T16:51:10+08:00" level=info msg="\tRates:"
time="2021-02-05T16:51:10+08:00" level=info msg="\t\tStayDate:2021-02-12, NetRate:4457, Status:2, InvCount:1"
time="2021-02-05T16:51:10+08:00" level=info msg="\t\tStayDate:2021-02-13, NetRate:4457, Status:2, InvCount:1"
time="2021-02-05T16:51:10+08:00" level=info msg="\t\tStayDate:2021-02-14, NetRate:4457, Status:2, InvCount:1"
time="2021-02-05T16:51:10+08:00" level=info msg="\t\tStayDate:2021-02-15, NetRate:4457, Status:2, InvCount:1"
time="2021-02-05T16:51:10+08:00" level=info msg="\t\tStayDate:2021-02-16, NetRate:4457, Status:2, InvCount:1"
time="2021-02-05T16:51:10+08:00" level=info msg="\t\tStayDate:2021-02-17, NetRate:4457, Status:2, InvCount:1"
time="2021-02-05T16:51:10+08:00" level=info msg="\t\tStayDate:2021-02-18, NetRate:4457, Status:2, InvCount:1"
time="2021-02-05T16:51:10+08:00" level=info msg="splResult.HotelSearchItem.SessionContent:11[11|210212|210219|824|10|0|CN|ES|en|USD|0|6579|824|10|1|1|05020850||312.0#0.0#false#USD##0#|1#1528|5#1528[5#1528|25#25||STUDIO APARTMENT (NON REFUNDABLE)|1|4008#1#USD#100#2020-08-27T22:00:00Z|InsToken[CgZEUkZ5UQUlYSAkNO[agencyToken[Z1yOfzkjeiN/ZXzqNAVG3mrGMW11hqRhYHePt3I9oxJFPM7BGYeyyc7NnAbnvbyQ70+12uHsgQ55ZEAkqyMAiiqDvxwI/btEs0qtQMteJse3w1fggPB8Z9wWDOwsszfg+IphuBL6B7GSmiwzurf9/QubH57iEmg34QH1xMxKWwJAcFiSVM0THYuE5IBEJJSvuEiGGpD+mVGuzgoQREyU8lnjO/abwu9uARUzRtPhXY/czjXyRB71n8Fgq7MWMlcneTaah4ztol7evdpI95+26Yxmncv+j/sSR53Kei2Y0rtajEgpAu0mwrNMpnqATMBmXDCQIep+bviL421WdgfeuR94ebR7u0CSHYWTZmkn0M2Wq4z5XzeWdGgzgpw2i0hiEk6VaSj0oSfEceYfQbW9UT76LoHGD+dawPq1e6pzJIffUS54/VDO2wNdeF6Tt18DwHRMykUUrES3ZjlJChiNH5oz8pHAYCr4/4O5Pm06o6dE7WUb/Hb82PaAetNceH1SCCNn8D+08nlqjXeFFfNWbvMal6CL1leyfRWbtmnxzYdi90I3RDZy319Emi6S5gDs59A6P9UIZA1TZJT/roe29x5GJV06FGwLUvsBbi6kLDmMOJ0jeRzJUwvRdzZrQrFJqnMausaSKja8+ABPVSvaxCa637iDybGbrXZdrdFZbYikdQydSf6Pu0c5faIcUVaD+s5yBA2D8zsz/5RYM5FuCWLOMDWU9QTW5JVZSBVeKCrhWpjHfzOkhJxH5NlKcHOtkiJ45fZb7sBVo++DxmFWtnp278kFsnQLpuIgZTDSGdhYkVU0vOnEjt4Dc7Pf0HraHYolR8DyiWOPc5/GTrizn8Oro9zl4lT6B+rbpZszSWuhZHP99tQrWINK7yiPOjxE[agencyTokenAvail[CgM4MjQSAjEwGgoxMi8wMi8yMDIxxIgoxOS8wMi8yMDIxKgtNZXJjaGFudFBheToQCgNVU0QSBjSMxMS4yNyIBMEI1CQgYxIzE1MjgQARoGNSMxNTI4IiFTVFVESU8gQVBBUlRNRU5UIChOT04gUkVGVU5EQUJMRSlKDwoBMRIECBkQARIECBkQAlIsCglob3RlbE5hbWUSH0VNSVJBVEVTIEdSQU5EIEhPVEVMIEFQQVJUTUVOVFNSKQoKcmVxdWVzdElEcxIbODI0fDE1Mjh8MTB8NXwwfDI5N3xUfEZ8MXwwUhcKEHByb3ZpZGVyQ3VycmVuY3kSA1VTRFJICgJEQhJCMHwxNjEyNTEyMjg0fERSTlBSVnxQZWRyT1JhZEFSMjAxNnw4MjR8MjAyMTAyMTJ8N3wxMjF8RVN8fDI5Ni40NDgxWgExkgECQ07CAQEw0gEBN+IBBUFWQUlM+gETMjAyMS0wMi0wNSAwODo1MDo0NaIDAjgyqgMDZHJuwgMBKuoDAk9L+gMCRVM=[tgx_sess[8c7f8cf8-eb65-495d-a58b-cf8d6f7028be"
time="2021-02-05T16:51:10+08:00" level=info msg="验价结果: true"



time="2021-02-05T16:51:10+08:00" level=info msg="验价成功"
--- PASS: Test_Service (1.72s)
PASS

Process finished with exit code 0
